<?xml version="1.0" encoding="UTF-8"?>
<!-- Generated by org.testng.reporters.JUnitReportReporter -->
<testsuite skipped="0" hostname="mukta" name="integrationDemo.integration1.FirstTest" tests="1" failures="0" timestamp="2021-01-31T16:01:11 IST" time="0.011" errors="0">
  <testcase name="methodOneTest" time="0.011" classname="integrationDemo.integration1.FirstTest"/>
  <system-out/>
</testsuite> <!-- integrationDemo.integration1.FirstTest -->
