<?xml version="1.0" encoding="UTF-8"?>
<!-- Generated by org.testng.reporters.JUnitReportReporter -->
<testsuite skipped="0" hostname="mukta" name="integrationDemo.integration1.ThirdTest" tests="1" failures="0" timestamp="2021-01-31T19:13:53 IST" time="0.001" errors="0">
  <testcase name="methodthreetest" time="0.001" classname="integrationDemo.integration1.ThirdTest"/>
  <system-out/>
</testsuite> <!-- integrationDemo.integration1.ThirdTest -->
