<?xml version="1.0" encoding="UTF-8"?>
<!-- Generated by org.testng.reporters.JUnitReportReporter -->
<testsuite skipped="0" hostname="mukta" name="integrationDemo.integration1.SecondTest" tests="1" failures="0" timestamp="2021-01-31T16:51:09 IST" time="0.003" errors="0">
  <testcase name="methodtwotest" time="0.003" classname="integrationDemo.integration1.SecondTest"/>
  <system-out/>
</testsuite> <!-- integrationDemo.integration1.SecondTest -->
